+++Assembly summary+++: 
# scaffolds: 3208
Total scaffold length: 2100592122
Average scaffold length: 654798.04
Scaffold N50: 6856792
Scaffold auN: 7382619.75
Scaffold L50: 99
Largest scaffold: 26619483
Smallest scaffold: 14768
# contigs: 3208
Total contig length: 2100592122
Average contig length: 654798.04
Contig N50: 6856792
Contig auN: 7382619.75
Contig L50: 99
Largest contig: 26619483
Smallest contig: 14768
# gaps in scaffolds: 0
Total gap length in scaffolds: 0
Average gap length in scaffolds: 0.00
Gap N50 in scaffolds: 0
Gap auN in scaffolds: 0.00
Gap L50 in scaffolds: 0
Largest gap in scaffolds: 0
Smallest gap in scaffolds: 0
Base composition (A:C:G:T): 610255287:438431651:438714060:613191124
GC content %: 41.76
# soft-masked bases: 0
# segments: 3208
Total segment length: 2100592122
Average segment length: 654798.04
# gaps: 0
# paths: 3208
